<?xml version="1.0" encoding="UTF-8"?>
<testng-results skipped="0" failed="0" total="1" passed="1">
  <reporter-output>
  </reporter-output>
  <suite name="Default suite" duration-ms="212866" started-at="2018-01-29T07:20:52Z" finished-at="2018-01-29T07:24:25Z">
    <groups>
    </groups>
    <test name="Default test" duration-ms="212866" started-at="2018-01-29T07:20:52Z" finished-at="2018-01-29T07:24:25Z">
      <class name="ParllelTest.MiningTechCompany">
        <test-method status="PASS" signature="setUp()[pri:0, instance:ParllelTest.MiningTechCompany@57fffcd7]" name="setUp" is-config="true" duration-ms="11066" started-at="2018-01-29T12:50:52Z" finished-at="2018-01-29T12:51:04Z">
          <reporter-output>
          </reporter-output>
        </test-method> <!-- setUp -->
        <test-method status="PASS" signature="testNew()[pri:0, instance:ParllelTest.MiningTechCompany@57fffcd7]" name="testNew" duration-ms="201779" started-at="2018-01-29T12:51:04Z" finished-at="2018-01-29T12:54:25Z">
          <reporter-output>
          </reporter-output>
        </test-method> <!-- testNew -->
        <test-method status="PASS" signature="tearDown()[pri:0, instance:ParllelTest.MiningTechCompany@57fffcd7]" name="tearDown" is-config="true" duration-ms="1" started-at="2018-01-29T12:54:25Z" finished-at="2018-01-29T12:54:25Z">
          <reporter-output>
          </reporter-output>
        </test-method> <!-- tearDown -->
      </class> <!-- ParllelTest.MiningTechCompany -->
    </test> <!-- Default test -->
  </suite> <!-- Default suite -->
</testng-results>
